<?xml version="1.0" encoding="UTF-8"?>
<testng-results skipped="0" failed="0" total="2" passed="2">
  <reporter-output>
  </reporter-output>
  <suite name="Command line suite" duration-ms="76" started-at="2015-08-21T15:20:26Z" finished-at="2015-08-21T15:20:27Z">
    <groups>
    </groups>
    <test name="Command line test" duration-ms="76" started-at="2015-08-21T15:20:26Z" finished-at="2015-08-21T15:20:27Z">
      <class name="com.usitsolutions.automation.SampleTest">
        <test-method status="PASS" signature="sampleTest()[pri:0, instance:com.usitsolutions.automation.SampleTest@3b6eb2ec]" name="sampleTest" duration-ms="1" started-at="2015-08-21T16:20:27Z" finished-at="2015-08-21T16:20:27Z">
          <reporter-output>
          </reporter-output>
        </test-method> <!-- sampleTest -->
      </class> <!-- com.usitsolutions.automation.SampleTest -->
      <class name="com.usitsolutions.automation.AppTest">
        <test-method status="PASS" signature="sendMail()[pri:0, instance:com.usitsolutions.automation.AppTest@2d209079]" name="sendMail" duration-ms="27" started-at="2015-08-21T16:20:26Z" finished-at="2015-08-21T16:20:26Z">
          <reporter-output>
          </reporter-output>
        </test-method> <!-- sendMail -->
      </class> <!-- com.usitsolutions.automation.AppTest -->
    </test> <!-- Command line test -->
  </suite> <!-- Command line suite -->
</testng-results>
